c:\users\руслан\documents\github\chartdlg\x64\debug\mymfcapp.pch
c:\users\руслан\documents\github\chartdlg\x64\debug\vc143.pdb
c:\users\руслан\documents\github\chartdlg\x64\debug\vc143.idb
c:\users\руслан\documents\github\chartdlg\x64\debug\pch.obj
c:\users\руслан\documents\github\chartdlg\x64\debug\mymfcappdlg.obj
c:\users\руслан\documents\github\chartdlg\x64\debug\mymfcapp.obj
c:\users\руслан\documents\github\chartdlg\x64\debug\chartimage.obj
c:\users\руслан\documents\github\chartdlg\x64\debug\chartdlg.obj
c:\users\руслан\documents\github\chartdlg\x64\debug\mymfcapp.ilk
c:\users\руслан\documents\github\chartdlg\x64\debug\mymfcapp.exe
c:\users\руслан\documents\github\chartdlg\x64\debug\mymfcapp.pdb
c:\users\руслан\documents\github\chartdlg\x64\debug\mymfcapp.res
c:\users\руслан\documents\github\chartdlg\x64\debug\mymfcapp.tlog\cl.command.1.tlog
c:\users\руслан\documents\github\chartdlg\x64\debug\mymfcapp.tlog\cl.items.tlog
c:\users\руслан\documents\github\chartdlg\x64\debug\mymfcapp.tlog\cl.read.1.tlog
c:\users\руслан\documents\github\chartdlg\x64\debug\mymfcapp.tlog\cl.write.1.tlog
c:\users\руслан\documents\github\chartdlg\x64\debug\mymfcapp.tlog\link.command.1.tlog
c:\users\руслан\documents\github\chartdlg\x64\debug\mymfcapp.tlog\link.read.1.tlog
c:\users\руслан\documents\github\chartdlg\x64\debug\mymfcapp.tlog\link.write.1.tlog
c:\users\руслан\documents\github\chartdlg\x64\debug\mymfcapp.tlog\rc.command.1.tlog
c:\users\руслан\documents\github\chartdlg\x64\debug\mymfcapp.tlog\rc.read.1.tlog
c:\users\руслан\documents\github\chartdlg\x64\debug\mymfcapp.tlog\rc.write.1.tlog
